mylibrary/build/intermediates/manifest_merge_blame_file/debug/manifest-merger-blame-debug-report.txt
1<?xml version="1.0" encoding="utf-8"?>
2<manifest xmlns:android="http://schemas.android.com/apk/res/android"
3    package="com.clevertap.mylibrary" >
4
5    <uses-sdk
6        android:minSdkVersion="23"
6-->src/main/AndroidManifest.xml
7        android:targetSdkVersion="31" />
7-->src/main/AndroidManifest.xml
8
9    <meta-data
9-->src/main/AndroidManifest.xml:7:5-9:40
10        android:name="CLEVERTAP_ACCOUNT_ID"
10-->src/main/AndroidManifest.xml:8:9-44
11        android:value="449-W7Z-775Z" />
11-->src/main/AndroidManifest.xml:9:9-37
12    <meta-data
12-->src/main/AndroidManifest.xml:10:5-12:35
13        android:name="CLEVERTAP_TOKEN"
13-->src/main/AndroidManifest.xml:11:9-39
14        android:value="1a0-c44" />
14-->src/main/AndroidManifest.xml:12:9-32
15    <meta-data
15-->src/main/AndroidManifest.xml:13:5-15:29
16        android:name="CLEVERTAP_USE_GOOGLE_AD_ID"
16-->src/main/AndroidManifest.xml:14:9-50
17        android:value="1" />
17-->src/main/AndroidManifest.xml:15:9-26
18
19    <application android:name="com.clevertap.mylibrary.LibApp" />
19-->src/main/AndroidManifest.xml:5:5-43
19-->src/main/AndroidManifest.xml:5:18-40
20
21</manifest>